[2025-11-04 16:40:58] info: GET /api/plans
[2025-11-04 16:43:31] info: GET /api/plans
[2025-11-04 16:43:31] info: POST /auth/guest
[2025-11-04 16:43:31] info: POST /auth/guest
[2025-11-04 16:43:31] info: GET /api/plans
[2025-11-04 16:43:41] info: GET /api/plans
[2025-11-04 16:43:41] info: POST /auth/guest
[2025-11-04 16:43:41] info: POST /auth/guest
[2025-11-04 16:43:41] info: GET /api/plans
[2025-11-04 17:19:21] info: GET /api/plans
[2025-11-04 17:19:21] info: POST /auth/guest
[2025-11-04 17:19:21] info: POST /auth/guest
[2025-11-04 17:19:21] info: GET /api/plans
[2025-11-04 17:29:00] info: GET /api/plans
[2025-11-04 17:29:00] info: POST /auth/guest
[2025-11-04 17:29:00] info: POST /auth/guest
[2025-11-04 17:29:00] info: GET /api/plans
[2025-11-04 17:29:12] info: GET /api/plans
[2025-11-04 17:29:12] info: POST /auth/guest
[2025-11-04 17:29:12] info: POST /auth/guest
[2025-11-04 17:29:12] info: GET /api/plans
[2025-11-04 17:30:29] info: GET /api/plans
[2025-11-04 17:30:29] info: POST /user/guest
[2025-11-04 17:30:29] info: POST /user/guest
[2025-11-04 17:30:29] info: GET /api/plans
[2025-11-04 17:31:17] info: GET /api/plans
[2025-11-04 17:31:17] info: POST /user/guest
[2025-11-04 17:31:17] info: POST /user/guest
[2025-11-04 17:31:17] info: GET /api/plans
[2025-11-04 17:39:29] info: GET /api/plans
[2025-11-04 17:39:29] info: POST /user/guest
[2025-11-04 17:39:29] info: POST /user/guest
[2025-11-04 17:39:29] info: GET /api/plans
[2025-11-04 17:39:33] info: GET /api/plans
[2025-11-04 17:39:33] info: POST /user/guest
[2025-11-04 17:39:33] info: POST /user/guest
[2025-11-04 17:39:33] info: GET /api/plans
[2025-11-04 17:40:21] info: POST /user/guest
[2025-11-04 17:41:43] info: GET /api/api/plans
[2025-11-04 17:41:43] info: POST /api/user/guest
[2025-11-04 17:41:43] info: GET /api/api/plans
[2025-11-04 17:41:43] info: POST /api/user/guest
[2025-11-04 17:42:04] info: GET /api/plans
[2025-11-04 17:42:04] info: GET /api/plans
[2025-11-04 17:42:25] info: POST /api/api/mpesa/pay
[2025-11-04 17:45:45] info: GET /api/plans
[2025-11-04 17:45:45] info: GET /api/plans
[2025-11-04 17:46:01] info: POST /api/mpesa/pay
